=== Mon Nov  3 21:46:17 +05 2025 ===
 21:46:17 up 38 min,  1 user,  load average: 0.10, 0.07, 0.03
Filesystem      Size  Used Avail Use% Mounted on
none            3.8G     0  3.8G   0% /usr/lib/modules/5.15.167.4-microsoft-standard-WSL2
none            3.8G  4.0K  3.8G   1% /mnt/wsl
none            3.8G  8.0K  3.8G   1% /mnt/wsl/docker-desktop/shared-sockets/host-services
/dev/sdc       1007G   57M  956G   1% /mnt/wsl/docker-desktop/docker-desktop-user-distro
/dev/loop6      494M  494M     0 100% /mnt/wsl/docker-desktop/cli-tools
none            3.8G  808K  3.8G   1% /mnt/wsl/docker-desktop-bind-mounts/Ubuntu/71329c4cc6e32171553fa81d044eb31d1a3aac52ba9376c4a99f4505c494cf5b
drivers         477G  382G   95G  81% /usr/lib/wsl/drivers
/dev/sdf       1007G  9.2G  947G   1% /
none            3.8G   88K  3.8G   1% /mnt/wslg
none            3.8G     0  3.8G   0% /usr/lib/wsl/lib
rootfs          3.8G  2.4M  3.8G   1% /init
none            3.8G  960K  3.8G   1% /run
none            3.8G     0  3.8G   0% /run/lock
none            3.8G   28K  3.8G   1% /run/shm
tmpfs           4.0M     0  4.0M   0% /sys/fs/cgroup
none            3.8G   76K  3.8G   1% /mnt/wslg/versions.txt
none            3.8G   76K  3.8G   1% /mnt/wslg/doc
C:\             477G  382G   95G  81% /mnt/c
D:\             954G  658G  297G  69% /mnt/d
snapfuse         92M   92M     0 100% /snap/gtk-common-themes/1535
snapfuse        128K  128K     0 100% /snap/bare/5
snapfuse         74M   74M     0 100% /snap/core22/2133
snapfuse         74M   74M     0 100% /snap/core22/2111
snapfuse         50M   50M     0 100% /snap/snapd/24792
snapfuse         51M   51M     0 100% /snap/snapd/25202
snapfuse        132M  132M     0 100% /snap/ubuntu-desktop-installer/1286
snapfuse        132M  132M     0 100% /snap/ubuntu-desktop-installer/1276
overlay        1007G  9.2G  947G   1% /var/lib/docker/overlay2/ed935ad3c3f5b0d1c26b2964bab3e088b470d4a13388e6d3e6371f12a2b4e913/merged
---------------------------
